<?xml version="1.0" encoding="UTF-8"?>
<testsuite xmlns:xsi="http://www.w3.org/2001/XMLSchema-instance" xsi:noNamespaceSchemaLocation="https://maven.apache.org/surefire/maven-surefire-plugin/xsd/surefire-test-report-3.0.xsd" version="3.0" name="com.kalkulator.runners.RunnerTest" time="8.485" tests="1" errors="0" skipped="0" failures="0">
  <properties>
[...]
</properties>
  <testcase name="runScenario[&quot;Menghitung BMI dengan data valid&quot;, &quot;Kalkulator BMI&quot;](1)" classname="com.kalkulator.runners.RunnerTest" time="0.668">
    <system-out><![CDATA[
Scenario: Menghitung BMI dengan data valid          &amp#27;[90m# src/test/resources/features/KalkulatorBMI.feature:3&amp#27;[0m
  &amp#27;[32mGiven &amp#27;[0m&amp#27;[32msaya mengisi field berat badan dengan &amp#27;[0m&amp#27;[32m&amp#27;[1m70&amp#27;[0m&amp#27;[32m kg&amp#27;[0m &amp#27;[90m# com.kalkulator.definitions.KalkulatorBMI.haveBerat(float)&amp#27;[0m
  &amp#27;[32mAnd &amp#27;[0m&amp#27;[32msaya mengisi field tinggi badan dengan &amp#27;[0m&amp#27;[32m&amp#27;[1m1.75&amp#27;[0m&amp#27;[32m m&amp#27;[0m &amp#27;[90m# com.kalkulator.definitions.KalkulatorBMI.haveTinggi(float)&amp#27;[0m
  &amp#27;[32mWhen &amp#27;[0m&amp#27;[32msaya menekan tombol Hitung BMI&amp#27;[0m               &amp#27;[90m# com.kalkulator.definitions.KalkulatorBMI.calculateBMI()&amp#27;[0m
  &amp#27;[32mThen &amp#27;[0m&amp#27;[32msaya mendapatkan hasil BMI &amp#27;[0m&amp#27;[32m&amp#27;[1m22.86&amp#27;[0m             &amp#27;[90m# com.kalkulator.definitions.KalkulatorBMI.resultBMI(float)&amp#27;[0m
  &amp#27;[32mAnd &amp#27;[0m&amp#27;[32msaya mendapatkan kategori &amp#27;[0m&amp#27;[32m&amp#27;[1m"Normal"&amp#27;[0m            &amp#27;[90m# com.kalkulator.definitions.KalkulatorBMI.resultCategory(java.lang.String)&amp#27;[0m
]]></system-out>
  </testcase>
</testsuite>