<?xml version="1.0" encoding="UTF-8"?>
<testsuite xmlns:xsi="http://www.w3.org/2001/XMLSchema-instance" xsi:noNamespaceSchemaLocation="https://maven.apache.org/surefire/maven-surefire-plugin/xsd/surefire-test-report-3.0.xsd" version="3.0" name="com.kalkulator.runners.RunnerTest" time="2.983" tests="1" errors="0" skipped="0" failures="0">
  <properties>
[...]
</properties>
  <testcase name="runScenario[&quot;Menghitung BMI dengan data valid&quot;, &quot;Kalkulator BMI&quot;](1)" classname="com.kalkulator.runners.RunnerTest" time="0.178">
    <system-out><![CDATA[22.857142857142858
]]></system-out>
  </testcase>
</testsuite>